Release 14.2 - xst P.28xd (nt64)
Copyright (c) 1995-2012 Xilinx, Inc.  All rights reserved.
--> Parameter TMPDIR set to xst/projnav.tmp


Total REAL time to Xst completion: 0.00 secs
Total CPU time to Xst completion: 0.12 secs
 
--> Parameter xsthdpdir set to xst


Total REAL time to Xst completion: 0.00 secs
Total CPU time to Xst completion: 0.12 secs
 
--> Reading design: tb_Question1.prj

TABLE OF CONTENTS
  1) Synthesis Options Summary
  2) HDL Parsing
  3) HDL Elaboration
  4) HDL Synthesis
       4.1) HDL Synthesis Report
  5) Advanced HDL Synthesis
       5.1) Advanced HDL Synthesis Report
  6) Low Level Synthesis
  7) Partition Report
  8) Design Summary
       8.1) Primitive and Black Box Usage
       8.2) Device utilization summary
       8.3) Partition Resource Summary
       8.4) Timing Report
            8.4.1) Clock Information
            8.4.2) Asynchronous Control Signals Information
            8.4.3) Timing Summary
            8.4.4) Timing Details
            8.4.5) Cross Clock Domains Report


=========================================================================
*                      Synthesis Options Summary                        *
=========================================================================
---- Source Parameters
Input File Name                    : "tb_Question1.prj"
Ignore Synthesis Constraint File   : NO

---- Target Parameters
Output File Name                   : "tb_Question1"
Output Format                      : NGC
Target Device                      : xc6slx4-3-tqg144

---- Source Options
Top Module Name                    : tb_Question1
Automatic FSM Extraction           : YES
FSM Encoding Algorithm             : Auto
Safe Implementation                : No
FSM Style                          : LUT
RAM Extraction                     : Yes
RAM Style                          : Auto
ROM Extraction                     : Yes
Shift Register Extraction          : YES
ROM Style                          : Auto
Resource Sharing                   : YES
Asynchronous To Synchronous        : NO
Shift Register Minimum Size        : 2
Use DSP Block                      : Auto
Automatic Register Balancing       : No

---- Target Options
LUT Combining                      : Auto
Reduce Control Sets                : Auto
Add IO Buffers                     : YES
Global Maximum Fanout              : 100000
Add Generic Clock Buffer(BUFG)     : 16
Register Duplication               : YES
Optimize Instantiated Primitives   : NO
Use Clock Enable                   : Auto
Use Synchronous Set                : Auto
Use Synchronous Reset              : Auto
Pack IO Registers into IOBs        : Auto
Equivalent register Removal        : YES

---- General Options
Optimization Goal                  : Speed
Optimization Effort                : 1
Power Reduction                    : NO
Keep Hierarchy                     : No
Netlist Hierarchy                  : As_Optimized
RTL Output                         : Yes
Global Optimization                : AllClockNets
Read Cores                         : YES
Write Timing Constraints           : NO
Cross Clock Analysis               : NO
Hierarchy Separator                : /
Bus Delimiter                      : <>
Case Specifier                     : Maintain
Slice Utilization Ratio            : 100
BRAM Utilization Ratio             : 100
DSP48 Utilization Ratio            : 100
Auto BRAM Packing                  : NO
Slice Utilization Ratio Delta      : 5

=========================================================================


=========================================================================
*                          HDL Parsing                                  *
=========================================================================
Analyzing Verilog file "C:\Users\Chris\Documents\CompE470\Homework4\Homework4\Question1.v" into library work
Parsing module <Question1>.
Parsing module <multiplier>.
Parsing module <myReg>.
Parsing module <tb_Question1>.

=========================================================================
*                            HDL Elaboration                            *
=========================================================================

Elaborating module <tb_Question1>.
WARNING:HDLCompiler:872 - "C:\Users\Chris\Documents\CompE470\Homework4\Homework4\Question1.v" Line 49: Using initial value of op1 since it is never assigned

Elaborating module <Question1(width=4)>.

Elaborating module <multiplier(width=4)>.

Elaborating module <myReg(width=8)>.

Elaborating module <myReg(width=4)>.

Elaborating module <multiplier(width=8)>.
WARNING:HDLCompiler:189 - "C:\Users\Chris\Documents\CompE470\Homework4\Homework4\Question1.v" Line 18: Size mismatch in connection of port <b>. Formal port size is 8-bit while actual signal size is 4-bit.

Elaborating module <myReg(width=16)>.
WARNING:HDLCompiler:1127 - "C:\Users\Chris\Documents\CompE470\Homework4\Homework4\Question1.v" Line 44: Assignment to out ignored, since the identifier is never used
WARNING:Xst:2972 - "C:\Users\Chris\Documents\CompE470\Homework4\Homework4\Question1.v" line 44. All outputs of instance <q1> of block <Question1> are unconnected in block <tb_Question1>. Underlying logic will be removed.

=========================================================================
*                           HDL Synthesis                               *
=========================================================================

Synthesizing Unit <tb_Question1>.
    Related source file is "C:\Users\Chris\Documents\CompE470\Homework4\Homework4\Question1.v".
        N = 4
INFO:Xst:3210 - "C:\Users\Chris\Documents\CompE470\Homework4\Homework4\Question1.v" line 44: Output port <out> of the instance <q1> is unconnected or connected to loadless signal.
    Summary:
	no macro.
Unit <tb_Question1> synthesized.

Synthesizing Unit <multiplier_1>.
    Related source file is "C:\Users\Chris\Documents\CompE470\Homework4\Homework4\Question1.v".
        width = 4
    Summary:
	no macro.
Unit <multiplier_1> synthesized.

Synthesizing Unit <myReg_1>.
    Related source file is "C:\Users\Chris\Documents\CompE470\Homework4\Homework4\Question1.v".
        width = 8
    Found 1-bit register for signal <q<7>>.
    Found 1-bit register for signal <q<6>>.
    Found 1-bit register for signal <q<5>>.
    Found 1-bit register for signal <q<4>>.
    Found 1-bit register for signal <q<3>>.
    Found 1-bit register for signal <q<2>>.
    Found 1-bit register for signal <q<1>>.
    Found 1-bit register for signal <q<0>>.
    Summary:
	inferred   8 D-type flip-flop(s).
Unit <myReg_1> synthesized.

Synthesizing Unit <myReg_2>.
    Related source file is "C:\Users\Chris\Documents\CompE470\Homework4\Homework4\Question1.v".
        width = 4
    Found 1-bit register for signal <q<3>>.
    Found 1-bit register for signal <q<2>>.
    Found 1-bit register for signal <q<1>>.
    Found 1-bit register for signal <q<0>>.
    Summary:
	inferred   4 D-type flip-flop(s).
Unit <myReg_2> synthesized.

Synthesizing Unit <multiplier_2>.
    Related source file is "C:\Users\Chris\Documents\CompE470\Homework4\Homework4\Question1.v".
        width = 8
    Summary:
	no macro.
Unit <multiplier_2> synthesized.

Synthesizing Unit <myReg_3>.
    Related source file is "C:\Users\Chris\Documents\CompE470\Homework4\Homework4\Question1.v".
        width = 16
    Found 1-bit register for signal <q<15>>.
    Found 1-bit register for signal <q<14>>.
    Found 1-bit register for signal <q<13>>.
    Found 1-bit register for signal <q<12>>.
    Found 1-bit register for signal <q<11>>.
    Found 1-bit register for signal <q<10>>.
    Found 1-bit register for signal <q<9>>.
    Found 1-bit register for signal <q<8>>.
    Found 1-bit register for signal <q<7>>.
    Found 1-bit register for signal <q<6>>.
    Found 1-bit register for signal <q<5>>.
    Found 1-bit register for signal <q<4>>.
    Found 1-bit register for signal <q<3>>.
    Found 1-bit register for signal <q<2>>.
    Found 1-bit register for signal <q<1>>.
    Found 1-bit register for signal <q<0>>.
    Summary:
	inferred  16 D-type flip-flop(s).
Unit <myReg_3> synthesized.

=========================================================================
HDL Synthesis Report

Found no macro
=========================================================================

=========================================================================
*                       Advanced HDL Synthesis                          *
=========================================================================


=========================================================================
Advanced HDL Synthesis Report

Found no macro
=========================================================================

=========================================================================
*                         Low Level Synthesis                           *
=========================================================================

Optimizing unit <tb_Question1> ...

Mapping all equations...
Building and optimizing final netlist ...
Found area constraint ratio of 100 (+ 5) on block tb_Question1, actual ratio is 0.

Final Macro Processing ...

=========================================================================
Final Register Report

Found no macro
=========================================================================

=========================================================================
*                           Partition Report                            *
=========================================================================

Partition Implementation Status
-------------------------------

  No Partitions were found in this design.

-------------------------------

=========================================================================
*                            Design Summary                             *
=========================================================================

Top Level Output File Name         : tb_Question1.ngc

Primitive and Black Box Usage:
------------------------------

Device utilization summary:
---------------------------

Selected Device : 6slx4tqg144-3 


Slice Logic Utilization: 

Slice Logic Distribution: 
 Number of LUT Flip Flop pairs used:      0
   Number with an unused Flip Flop:       0  out of      0         
   Number with an unused LUT:             0  out of      0         
   Number of fully used LUT-FF pairs:     0  out of      0         
   Number of unique control sets:         0

IO Utilization: 
 Number of IOs:                           0
 Number of bonded IOBs:                   0  out of    102     0%  

Specific Feature Utilization:

---------------------------
Partition Resource Summary:
---------------------------

  No Partitions were found in this design.

---------------------------


=========================================================================
Timing Report

NOTE: THESE TIMING NUMBERS ARE ONLY A SYNTHESIS ESTIMATE.
      FOR ACCURATE TIMING INFORMATION PLEASE REFER TO THE TRACE REPORT
      GENERATED AFTER PLACE-and-ROUTE.

Clock Information:
------------------
No clock signals found in this design

Asynchronous Control Signals Information:
----------------------------------------
No asynchronous control signals found in this design

Timing Summary:
---------------
Speed Grade: -3

   Minimum period: No path found
   Minimum input arrival time before clock: No path found
   Maximum output required time after clock: No path found
   Maximum combinational path delay: No path found

Timing Details:
---------------
All values displayed in nanoseconds (ns)

=========================================================================

Cross Clock Domains Report:
--------------------------

=========================================================================


Total REAL time to Xst completion: 6.00 secs
Total CPU time to Xst completion: 6.21 secs
 
--> 

Total memory usage is 255504 kilobytes

Number of errors   :    0 (   0 filtered)
Number of warnings :    4 (   0 filtered)
Number of infos    :    1 (   0 filtered)

